<?xml version="1.0" encoding="UTF-8"?>
<!-- Generated by org.testng.reporters.JUnitReportReporter -->
<testsuite hostname="0716RDNAB13" failures="0" tests="1" name="testcases.TC001MyAccount" time="0.524" errors="0" timestamp="11 Feb 2022 21:30:51 GMT" skipped="0">
  <testcase classname="testcases.TC001MyAccount" name="openLoginPage" time="0.524"/>
</testsuite> <!-- testcases.TC001MyAccount -->
